<?xml version="1.0" encoding="utf-8" ?>
<!-- DO NOT EDIT THIS FILE -->

<log version='2.0' source='tcet'>
	<!-- Cache simulation is enabled -->
	<!--     mode = CacheSimModeExtended -->
	<!--     cache line size = 64 -->
	<!--     calculate utilization -->
	<!--     associativity = 8 -->
	<!--     sets = 4096 -->
	<!--     cache line size = 64 -->
	<!-- Opened annotation file /opt/intel/oneapi/advisor/2023.1.0/lib64/../config/tc/map.ant -->
	<!-- Opened annotation file /opt/intel/oneapi/advisor/2023.1.0/lib64/../config/tc/allocators.ant -->
	<msg id='1' display='false' source='map'>
		<type>START</type>
		<severity>INFO</severity>
		<timestamp>Thu Jun  1 12:46:14 2023</timestamp>
	</msg>
	<!-- Successfully loaded CCRT 13.15.2 at address 0x7f5934344000 - 0x7f5934347000 -->
	<!-- Successfully loaded the TC Analysis Core 8.22.2 at address 0x7f59320ca000 - 0x7f5932128000 -->
	<!-- Successfully loaded the TC Instrumentation Engine 8.22.2 at address 0x7f5934351000 - 0x7f593453d000 -->
	<!-- Environment: INTEL_LIBITTNOTIFY32=/opt/intel/oneapi/advisor/2023.1.0/lib32/runtime/libittnotify.so -->
	<!-- Environment: INTEL_LIBITTNOTIFY64=/opt/intel/oneapi/advisor/2023.1.0/lib64/runtime/libittnotify.so -->
	<!-- Environment: INTEL_JIT_PROFILER32=/opt/intel/oneapi/advisor/2023.1.0/lib32/libpinjitprofiling.so -->
	<!-- Environment: INTEL_JIT_PROFILER64=/opt/intel/oneapi/advisor/2023.1.0/lib64/libpinjitprofiling.so -->
	<!-- This is the instance of interest -->
	<msg id='2' source='tcet'>
		<type>EXEC_OF_INTEREST</type>
		<severity>INFO</severity>
		<timestamp>Thu Jun  1 12:46:14 2023</timestamp>
		<arg name='process'>/home/baptiste/asl_project/team19/team19</arg>
		<arg name='pid'>4228</arg>
	</msg>
	<msg id='3' source='tcet'>
		<type>LOAD_MODULE</type>
		<severity>INFO</severity>
		<timestamp>Thu Jun  1 12:46:14 2023</timestamp>
		<arg name='module'>/home/baptiste/asl_project/team19/team19</arg>
		<arg name='basement'>0x558172b8f000</arg>
		<arg name='ceiling'>0x558172bde507</arg>
		<arg name='id'>1</arg>
	</msg>
	<msg id='4' source='tcet'>
		<type>LOAD_MODULE</type>
		<severity>INFO</severity>
		<timestamp>Thu Jun  1 12:46:14 2023</timestamp>
		<arg name='module'>/lib64/ld-linux-x86-64.so.2</arg>
		<arg name='basement'>0x7f5935a59000</arg>
		<arg name='ceiling'>0x7f5935a85177</arg>
		<arg name='id'>2</arg>
	</msg>
	<msg id='5' source='tcet'>
		<type>LOAD_MODULE</type>
		<severity>INFO</severity>
		<timestamp>Thu Jun  1 12:46:14 2023</timestamp>
		<arg name='module'>[vdso]</arg>
		<arg name='basement'>0x7ffde1761000</arg>
		<arg name='ceiling'>0x7ffde1761d7b</arg>
		<arg name='id'>3</arg>
	</msg>
	<msg id='6' source='tcet'>
		<type>LOAD_MODULE</type>
		<severity>INFO</severity>
		<timestamp>Thu Jun  1 12:46:15 2023</timestamp>
		<arg name='module'>/lib/x86_64-linux-gnu/libpng16.so.16</arg>
		<arg name='basement'>0x7f592012d000</arg>
		<arg name='ceiling'>0x7f592016600f</arg>
		<arg name='id'>4</arg>
	</msg>
	<msg id='7' source='tcet'>
		<type>LOAD_MODULE</type>
		<severity>INFO</severity>
		<timestamp>Thu Jun  1 12:46:15 2023</timestamp>
		<arg name='module'>/lib/x86_64-linux-gnu/libstdc++.so.6</arg>
		<arg name='basement'>0x7f591fe00000</arg>
		<arg name='ceiling'>0x7f592000a87f</arg>
		<arg name='id'>5</arg>
	</msg>
	<msg id='8' source='tcet'>
		<type>LOAD_MODULE</type>
		<severity>INFO</severity>
		<timestamp>Thu Jun  1 12:46:15 2023</timestamp>
		<arg name='module'>/lib/x86_64-linux-gnu/libgcc_s.so.1</arg>
		<arg name='basement'>0x7f5920067000</arg>
		<arg name='ceiling'>0x7f5920080427</arg>
		<arg name='id'>6</arg>
	</msg>
	<msg id='9' source='tcet'>
		<type>LOAD_MODULE</type>
		<severity>INFO</severity>
		<timestamp>Thu Jun  1 12:46:15 2023</timestamp>
		<arg name='module'>/lib/x86_64-linux-gnu/libc.so.6</arg>
		<arg name='basement'>0x7f591fc10000</arg>
		<arg name='ceiling'>0x7f591fde367f</arg>
		<arg name='id'>7</arg>
	</msg>
	<msg id='10' source='tcet'>
		<type>LOAD_MODULE</type>
		<severity>INFO</severity>
		<timestamp>Thu Jun  1 12:46:15 2023</timestamp>
		<arg name='module'>/lib/x86_64-linux-gnu/libz.so.1</arg>
		<arg name='basement'>0x7f591fbf3000</arg>
		<arg name='ceiling'>0x7f591fc0f18f</arg>
		<arg name='id'>8</arg>
	</msg>
	<msg id='11' source='tcet'>
		<type>LOAD_MODULE</type>
		<severity>INFO</severity>
		<timestamp>Thu Jun  1 12:46:15 2023</timestamp>
		<arg name='module'>/lib/x86_64-linux-gnu/libm.so.6</arg>
		<arg name='basement'>0x7f591fa8a000</arg>
		<arg name='ceiling'>0x7f591fbcd10f</arg>
		<arg name='id'>9</arg>
	</msg>
	<msg id='12' source='tcet'>
		<type>UNLOAD_MODULE</type>
		<severity>INFO</severity>
		<timestamp>Thu Jun  1 12:46:19 2023</timestamp>
		<arg name='module'>/home/baptiste/asl_project/team19/team19</arg>
		<arg name='id'>1</arg>
	</msg>
	<msg id='13' source='tcet'>
		<type>UNLOAD_MODULE</type>
		<severity>INFO</severity>
		<timestamp>Thu Jun  1 12:46:19 2023</timestamp>
		<arg name='module'>/lib64/ld-linux-x86-64.so.2</arg>
		<arg name='id'>2</arg>
	</msg>
	<msg id='14' source='tcet'>
		<type>UNLOAD_MODULE</type>
		<severity>INFO</severity>
		<timestamp>Thu Jun  1 12:46:19 2023</timestamp>
		<arg name='module'>[vdso]</arg>
		<arg name='id'>3</arg>
	</msg>
	<msg id='15' source='tcet'>
		<type>UNLOAD_MODULE</type>
		<severity>INFO</severity>
		<timestamp>Thu Jun  1 12:46:19 2023</timestamp>
		<arg name='module'>/lib/x86_64-linux-gnu/libpng16.so.16</arg>
		<arg name='id'>4</arg>
	</msg>
	<msg id='16' source='tcet'>
		<type>UNLOAD_MODULE</type>
		<severity>INFO</severity>
		<timestamp>Thu Jun  1 12:46:19 2023</timestamp>
		<arg name='module'>/lib/x86_64-linux-gnu/libstdc++.so.6</arg>
		<arg name='id'>5</arg>
	</msg>
	<msg id='17' source='tcet'>
		<type>UNLOAD_MODULE</type>
		<severity>INFO</severity>
		<timestamp>Thu Jun  1 12:46:19 2023</timestamp>
		<arg name='module'>/lib/x86_64-linux-gnu/libgcc_s.so.1</arg>
		<arg name='id'>6</arg>
	</msg>
	<msg id='18' source='tcet'>
		<type>UNLOAD_MODULE</type>
		<severity>INFO</severity>
		<timestamp>Thu Jun  1 12:46:19 2023</timestamp>
		<arg name='module'>/lib/x86_64-linux-gnu/libc.so.6</arg>
		<arg name='id'>7</arg>
	</msg>
	<msg id='19' source='tcet'>
		<type>UNLOAD_MODULE</type>
		<severity>INFO</severity>
		<timestamp>Thu Jun  1 12:46:19 2023</timestamp>
		<arg name='module'>/lib/x86_64-linux-gnu/libz.so.1</arg>
		<arg name='id'>8</arg>
	</msg>
	<msg id='20' source='tcet'>
		<type>UNLOAD_MODULE</type>
		<severity>INFO</severity>
		<timestamp>Thu Jun  1 12:46:19 2023</timestamp>
		<arg name='module'>/lib/x86_64-linux-gnu/libm.so.6</arg>
		<arg name='id'>9</arg>
	</msg>
	<msg id='21' source='tcet'>
		<type>PROCESS_TERMINATE</type>
		<severity>INFO</severity>
		<timestamp>Thu Jun  1 12:46:19 2023</timestamp>
		<arg name='process'>/home/baptiste/asl_project/team19/team19</arg>
		<arg name='pid'>4228</arg>
	</msg>
	<msg id='22' source='map'>
		<type>NO_ANNOTATIONS</type>
		<severity>WARNING</severity>
		<timestamp>Thu Jun  1 12:46:19 2023</timestamp>
	</msg>
	<msg id='23' display='false' source='map'>
		<type>ANALYSIS_COMPLETE</type>
		<severity>INFO</severity>
		<timestamp>Thu Jun  1 12:46:19 2023</timestamp>
	</msg>
	<msg id='24' display='false' source='map'>
		<type>STOP</type>
		<severity>INFO</severity>
		<timestamp>Thu Jun  1 12:46:19 2023</timestamp>
	</msg>
</log>