<?xml version="1.0" encoding="utf-8"?>
<log version="1.0" tool="runtool">

<msg id="1" tool="runtool">
  <type>log-start</type>
  <arg>2023/05/30 17:36:20</arg>
</msg>
<msg id="2" tool="runtool">
  <type>bandwidth-measurement-starts</type>
</msg>
<msg id="3" tool="runtool">
  <type>bandwidth-measurement-done</type>
</msg>
<msg id="4" tool="runtool">
  <type>collector-starts</type>
</msg>
<msg id="5" tool="runtool">
  <type>marker-file</type>
  <arg>/home/baptiste/asl_project/team19/roofline/e000/trc000/trc000.advixe</arg>
</msg>
<msg id="6" tool="trc">
  <type>PROCESS_START</type>
  <arg>/home/baptiste/asl_project/team19/team19</arg>
  <arg>10880</arg>
  <severity>INFO</severity>
  <timestamp>Tue May 30 17:36:31 2023</timestamp>
</msg>
<msg id="7" tool="trc">
  <type>PROCESS_ANALYSIS_MODE</type>
  <arg>full</arg>
  <severity>INFO</severity>
  <timestamp>Tue May 30 17:36:31 2023</timestamp>
</msg>
<msg id="8" tool="trc">
  <type>LOAD_MODULE</type>
  <arg>/home/baptiste/asl_project/team19/team19</arg>
  <arg>0x55b738d35000</arg>
  <arg>0x55b738d78507</arg>
  <arg>yes</arg>
  <severity>INFO</severity>
  <timestamp>Tue May 30 17:36:31 2023</timestamp>
</msg>
<msg id="9" tool="trc">
  <type>LOAD_MODULE</type>
  <arg>/lib64/ld-linux-x86-64.so.2</arg>
  <arg>0x7fafefdf8000</arg>
  <arg>0x7fafefe24177</arg>
  <arg>no</arg>
  <severity>INFO</severity>
  <timestamp>Tue May 30 17:36:31 2023</timestamp>
</msg>
<msg id="10" tool="trc">
  <type>LOAD_MODULE</type>
  <arg>[vdso]</arg>
  <arg>0x7ffcedd98000</arg>
  <arg>0x7ffcedd98d7b</arg>
  <arg>no</arg>
  <severity>INFO</severity>
  <timestamp>Tue May 30 17:36:31 2023</timestamp>
</msg>
<msg id="11" tool="trc">
  <type>LOAD_MODULE</type>
  <arg>/lib/x86_64-linux-gnu/libpng16.so.16</arg>
  <arg>0x7fafda3f4000</arg>
  <arg>0x7fafda42d00f</arg>
  <arg>no</arg>
  <severity>INFO</severity>
  <timestamp>Tue May 30 17:36:32 2023</timestamp>
</msg>
<msg id="12" tool="trc">
  <type>LOAD_MODULE</type>
  <arg>/lib/x86_64-linux-gnu/libstdc++.so.6</arg>
  <arg>0x7fafda000000</arg>
  <arg>0x7fafda20a87f</arg>
  <arg>no</arg>
  <severity>INFO</severity>
  <timestamp>Tue May 30 17:36:32 2023</timestamp>
</msg>
<msg id="13" tool="trc">
  <type>LOAD_MODULE</type>
  <arg>/lib/x86_64-linux-gnu/libgcc_s.so.1</arg>
  <arg>0x7fafda33c000</arg>
  <arg>0x7fafda355427</arg>
  <arg>no</arg>
  <severity>INFO</severity>
  <timestamp>Tue May 30 17:36:32 2023</timestamp>
</msg>
<msg id="14" tool="trc">
  <type>LOAD_MODULE</type>
  <arg>/lib/x86_64-linux-gnu/libc.so.6</arg>
  <arg>0x7fafd9e2c000</arg>
  <arg>0x7fafd9fff67f</arg>
  <arg>no</arg>
  <severity>INFO</severity>
  <timestamp>Tue May 30 17:36:32 2023</timestamp>
</msg>
<msg id="15" tool="trc">
  <type>LOAD_MODULE</type>
  <arg>/lib/x86_64-linux-gnu/libz.so.1</arg>
  <arg>0x7fafda2d9000</arg>
  <arg>0x7fafda2f518f</arg>
  <arg>no</arg>
  <severity>INFO</severity>
  <timestamp>Tue May 30 17:36:35 2023</timestamp>
</msg>
<msg id="16" tool="trc">
  <type>LOAD_MODULE</type>
  <arg>/lib/x86_64-linux-gnu/libm.so.6</arg>
  <arg>0x7fafd9ce8000</arg>
  <arg>0x7fafd9e2b10f</arg>
  <arg>no</arg>
  <severity>INFO</severity>
  <timestamp>Tue May 30 17:36:35 2023</timestamp>
</msg>
<msg id="17" tool="trc">
  <type>UNLOAD_MODULE</type>
  <arg>/home/baptiste/asl_project/team19/team19</arg>
  <severity>INFO</severity>
  <timestamp>Tue May 30 19:58:45 2023</timestamp>
</msg>
<msg id="18" tool="trc">
  <type>UNLOAD_MODULE</type>
  <arg>/lib64/ld-linux-x86-64.so.2</arg>
  <severity>INFO</severity>
  <timestamp>Tue May 30 19:58:45 2023</timestamp>
</msg>
<msg id="19" tool="trc">
  <type>UNLOAD_MODULE</type>
  <arg>[vdso]</arg>
  <severity>INFO</severity>
  <timestamp>Tue May 30 19:58:45 2023</timestamp>
</msg>
<msg id="20" tool="trc">
  <type>UNLOAD_MODULE</type>
  <arg>/lib/x86_64-linux-gnu/libpng16.so.16</arg>
  <severity>INFO</severity>
  <timestamp>Tue May 30 19:58:45 2023</timestamp>
</msg>
<msg id="21" tool="trc">
  <type>UNLOAD_MODULE</type>
  <arg>/lib/x86_64-linux-gnu/libstdc++.so.6</arg>
  <severity>INFO</severity>
  <timestamp>Tue May 30 19:58:45 2023</timestamp>
</msg>
<msg id="22" tool="trc">
  <type>UNLOAD_MODULE</type>
  <arg>/lib/x86_64-linux-gnu/libgcc_s.so.1</arg>
  <severity>INFO</severity>
  <timestamp>Tue May 30 19:58:45 2023</timestamp>
</msg>
<msg id="23" tool="trc">
  <type>UNLOAD_MODULE</type>
  <arg>/lib/x86_64-linux-gnu/libc.so.6</arg>
  <severity>INFO</severity>
  <timestamp>Tue May 30 19:58:45 2023</timestamp>
</msg>
<msg id="24" tool="trc">
  <type>UNLOAD_MODULE</type>
  <arg>/lib/x86_64-linux-gnu/libz.so.1</arg>
  <severity>INFO</severity>
  <timestamp>Tue May 30 19:58:45 2023</timestamp>
</msg>
<msg id="25" tool="trc">
  <type>UNLOAD_MODULE</type>
  <arg>/lib/x86_64-linux-gnu/libm.so.6</arg>
  <severity>INFO</severity>
  <timestamp>Tue May 30 19:58:45 2023</timestamp>
</msg>
<msg id="26" tool="trc">
  <type>PROCESS_FINISH</type>
  <arg>/home/baptiste/asl_project/team19/team19</arg>
  <arg>10880</arg>
  <arg>0x0</arg>
  <severity>INFO</severity>
  <timestamp>Tue May 30 19:58:45 2023</timestamp>
</msg>
<msg id="27" tool="runtool">
  <type>app-exit-code</type>
  <arg>0</arg>
</msg>
<msg id="28" tool="runtool">
  <type>marker-file</type>
  <arg>/home/baptiste/asl_project/team19/roofline/e000/trc000/trc000.advixe</arg>
</msg>
<msg id="29" tool="runtool">
  <type>collector-done</type>
</msg>
<msg id="30" tool="runtool">
  <type>log-end</type>
  <arg>2023/05/30 19:58:49</arg>
</msg>

</log>

