<?xml version="1.0" encoding="utf-8" ?>
<!-- DO NOT EDIT THIS FILE -->

<log version='2.0' source='trc'>
	<msg id='1' display='false' source='trc'>
		<type>PROCESS_START</type>
		<severity>INFO</severity>
		<timestamp>Tue May 30 17:36:31 2023</timestamp>
		<arg name='process'>/home/baptiste/asl_project/team19/team19</arg>
		<arg name='pid'>10880</arg>
	</msg>
	<!-- Instrumentation filter's state:
    Patterns applicability:
        Generic loop pattern.....................: enabled
        Generic loop pattern (with dynamic jumps): enabled
        Known trip value loop pattern............: enabled
        Runtime final value loop pattern.........: enabled
        No initial IV loop pattern...............: enabled
        IV step only loop pattern................: enabled
        No entry loop pattern....................: enabled
    Clustered memory model (CMM) applicability:
        Generic loop pattern.....................: enabled
        Generic loop pattern (with dynamic jumps): enabled
        Known trip value loop pattern............: enabled
        Runtime final value loop pattern.........: enabled
        No initial IV loop pattern...............: enabled
        IV step only loop pattern................: enabled
        No entry loop pattern....................: disabled
 -->
	<!-- Callstack mode:
    filter modules.........: true
    filter routines........: true
    count loops............: true
    count flops............: true
    trace..................: false
    extended trace.........: false
    omp trace..............: false
    jit trace..............: false
    failures trace.........: false
    dump raw...............: false
    dump final.............: false
    dump all...............: false
    stack stitching........: true
    stl profiling..........: true
    aggressive frame switch: true
    unwind frame exit......: true
    analyze child loops....: true
 -->
	<!-- Managed application profiling: -->
	<!-- 	State...................: enabled -->
	<!-- Gpu Profiling: -->
	<!-- 	State: disabled -->
	<!-- Creating caches according to description: 4:32k:8w/256k:4w/1:8192k:16w -->
	<!-- Created cache simulator with the following features: set locker, random set sampler, fast random set mapper, bb attribution, default tag, empty feature with size 8388608, associativity 16, and sampling 0.100000 -->
	<!-- Created cache simulator with the following features: empty feature, random set sampler, fast random set mapper, bb attribution, default tag, empty feature with size 262144, associativity 4, and sampling 0.100000 -->
	<!-- Created cache simulator with the following features: empty feature, random set sampler, fast random set mapper, bb attribution, default tag, empty feature with size 262144, associativity 4, and sampling 0.100000 -->
	<!-- Created cache simulator with the following features: empty feature, random set sampler, fast random set mapper, bb attribution, default tag, empty feature with size 262144, associativity 4, and sampling 0.100000 -->
	<!-- Created cache simulator with the following features: empty feature, random set sampler, fast random set mapper, bb attribution, default tag, empty feature with size 262144, associativity 4, and sampling 0.100000 -->
	<!-- Created cache simulator with the following features: empty feature, random set sampler, fast random set mapper, bb attribution, default tag, empty feature with size 32768, associativity 8, and sampling 0.100000 -->
	<!-- Created cache simulator with the following features: empty feature, random set sampler, fast random set mapper, bb attribution, default tag, empty feature with size 32768, associativity 8, and sampling 0.100000 -->
	<!-- Created cache simulator with the following features: empty feature, random set sampler, fast random set mapper, bb attribution, default tag, empty feature with size 32768, associativity 8, and sampling 0.100000 -->
	<!-- Created cache simulator with the following features: empty feature, random set sampler, fast random set mapper, bb attribution, default tag, empty feature with size 32768, associativity 8, and sampling 0.100000 -->
	<!-- Cache hierarchy created. Status=success -->
	<msg id='2' display='false' source='trc'>
		<type>PROCESS_ANALYSIS_MODE</type>
		<severity>INFO</severity>
		<timestamp>Tue May 30 17:36:31 2023</timestamp>
		<arg name='mode'>full</arg>
	</msg>
	<!-- Update image info for [1:0x55B738D35000:YN] /home/baptiste/asl_project/team19/team19 -->
	<msg id='3' display='false' source='trc'>
		<type>LOAD_MODULE</type>
		<severity>INFO</severity>
		<timestamp>Tue May 30 17:36:31 2023</timestamp>
		<arg name='module'>/home/baptiste/asl_project/team19/team19</arg>
		<arg name='basement'>0x55b738d35000</arg>
		<arg name='ceiling'>0x55b738d78507</arg>
		<arg name='symtab'>yes</arg>
	</msg>
	<!-- Instrumenting image: id = 1, name = /home/baptiste/asl_project/team19/team19 -->
	<!-- Instrumenting loops in routine "main" -->
	<!-- Instrumenting loops in routine "ImageQuilting::WriteBlockOverlapWithMinCut" -->
	<!-- Instrumenting loops in routine "ImageQuilting::ComputeOverlap" -->
	<!-- Instrumenting loops in routine "ImageQuilting::PlaceEdgeOverlapBlockWithMinCut" -->
	<!-- Instrumenting loops in routine "ImageQuilting::OverlapConstraintsWithMinCut" -->
	<!-- Instrumenting loops in routine "AdvanceAlgOptimiz::PlaceEdgeOverlapBlockWithMinCut(int, int, int, int, int, double, int, int) " -->
	<!-- Instrumenting loops in routine "AdvanceAlgOptimiz::PlaceEdgeOverlapBlockWithMinCut(int, int, int, int, int, double, int, int) " -->
	<!-- Instrumenting loops in routine "AdvanceAlgOptimiz::OverlapConstraintsWithMinCut" -->
	<!-- Instrumenting loops in routine "CompOverlapOptimiz::WriteBlock" -->
	<!-- Instrumenting loops in routine "CompOverlapOptimiz::WriteBlockOverlapWithMinCut" -->
	<!-- Instrumenting loops in routine "CompOverlapOptimiz::ComputeOverlapBasicOpt" -->
	<!-- Instrumenting loops in routine "CompOverlapOptimiz::BasicOptComponent" -->
	<!-- Instrumenting loops in routine "CompOverlapOptimiz::ComputeOverlapAlgImpr" -->
	<!-- Instrumenting loops in routine "CompOverlapOptimiz::AlgoOptComponent" -->
	<!-- Instrumenting loops in routine "CompOverlapOptimiz::ComputeOverlapUnroll" -->
	<!-- Instrumenting loops in routine "CompOverlapOptimiz::UnrollOptComponent" -->
	<!-- Instrumenting loops in routine "CompOverlapOptimiz::ComputeOverlapUnrollMax" -->
	<!-- Instrumenting loops in routine "CompOverlapOptimiz::UnrollMaxOptComponent" -->
	<!-- Instrumenting loops in routine "CompOverlapOptimiz::ComputeOverlapVectorize" -->
	<!-- Instrumenting loops in routine "CompOverlapOptimiz::VectorizeOptComponent" -->
	<!-- Instrumenting loops in routine "CompOverlapOptimiz::ComputeOverlapBase" -->
	<!-- Instrumenting loops in routine "CompOverlapOptimiz::BaseComponent" -->
	<!-- Instrumenting loops in routine "CompOverlapOptimiz::PlaceEdgeOverlapBlockWithMinCut" -->
	<!-- Instrumenting loops in routine "CompOverlapOptimiz::OverlapConstraintsWithMinCut" -->
	<!-- Instrumenting loops in routine "Testing::rdtsc" -->
	<!-- Instrumenting loops in routine "Testing::TestCorrectnessAndTiming" -->
	<!-- Instrumenting loops in routine "Testing::TestComponentsTiming" -->
	<!-- Update image info for [2:0x7FAFEFDF8000:NN] /lib64/ld-linux-x86-64.so.2 -->
	<msg id='4' display='false' source='trc'>
		<type>LOAD_MODULE</type>
		<severity>INFO</severity>
		<timestamp>Tue May 30 17:36:31 2023</timestamp>
		<arg name='module'>/lib64/ld-linux-x86-64.so.2</arg>
		<arg name='basement'>0x7fafefdf8000</arg>
		<arg name='ceiling'>0x7fafefe24177</arg>
		<arg name='symtab'>no</arg>
	</msg>
	<!-- Instrumentation of /lib64/ld-linux-x86-64.so.2 image skipped because of filter conditions [cs-mode]. -->
	<!-- Update image info for [3:0x7FFCEDD98000:NN] [vdso] -->
	<msg id='5' display='false' source='trc'>
		<type>LOAD_MODULE</type>
		<severity>INFO</severity>
		<timestamp>Tue May 30 17:36:31 2023</timestamp>
		<arg name='module'>[vdso]</arg>
		<arg name='basement'>0x7ffcedd98000</arg>
		<arg name='ceiling'>0x7ffcedd98d7b</arg>
		<arg name='symtab'>no</arg>
	</msg>
	<!-- Instrumentation of [vdso] image skipped because of filter conditions [cs-mode]. -->
	<!-- Update image info for [4:0x7FAFDA3F4000:NN] /lib/x86_64-linux-gnu/libpng16.so.16 -->
	<msg id='6' display='false' source='trc'>
		<type>LOAD_MODULE</type>
		<severity>INFO</severity>
		<timestamp>Tue May 30 17:36:32 2023</timestamp>
		<arg name='module'>/lib/x86_64-linux-gnu/libpng16.so.16</arg>
		<arg name='basement'>0x7fafda3f4000</arg>
		<arg name='ceiling'>0x7fafda42d00f</arg>
		<arg name='symtab'>no</arg>
	</msg>
	<!-- Instrumentation of /lib/x86_64-linux-gnu/libpng16.so.16 image skipped because of filter conditions [cs-mode]. -->
	<!-- Update image info for [5:0x7FAFDA000000:NN] /lib/x86_64-linux-gnu/libstdc++.so.6 -->
	<msg id='7' display='false' source='trc'>
		<type>LOAD_MODULE</type>
		<severity>INFO</severity>
		<timestamp>Tue May 30 17:36:32 2023</timestamp>
		<arg name='module'>/lib/x86_64-linux-gnu/libstdc++.so.6</arg>
		<arg name='basement'>0x7fafda000000</arg>
		<arg name='ceiling'>0x7fafda20a87f</arg>
		<arg name='symtab'>no</arg>
	</msg>
	<!-- Instrumentation of /lib/x86_64-linux-gnu/libstdc++.so.6 image skipped because of filter conditions [cs-mode]. -->
	<!-- Update image info for [6:0x7FAFDA33C000:NN] /lib/x86_64-linux-gnu/libgcc_s.so.1 -->
	<msg id='8' display='false' source='trc'>
		<type>LOAD_MODULE</type>
		<severity>INFO</severity>
		<timestamp>Tue May 30 17:36:32 2023</timestamp>
		<arg name='module'>/lib/x86_64-linux-gnu/libgcc_s.so.1</arg>
		<arg name='basement'>0x7fafda33c000</arg>
		<arg name='ceiling'>0x7fafda355427</arg>
		<arg name='symtab'>no</arg>
	</msg>
	<!-- Instrumentation of /lib/x86_64-linux-gnu/libgcc_s.so.1 image skipped because of filter conditions [cs-mode]. -->
	<!-- Update image info for [7:0x7FAFD9E2C000:NN] /lib/x86_64-linux-gnu/libc.so.6 -->
	<msg id='9' display='false' source='trc'>
		<type>LOAD_MODULE</type>
		<severity>INFO</severity>
		<timestamp>Tue May 30 17:36:32 2023</timestamp>
		<arg name='module'>/lib/x86_64-linux-gnu/libc.so.6</arg>
		<arg name='basement'>0x7fafd9e2c000</arg>
		<arg name='ceiling'>0x7fafd9fff67f</arg>
		<arg name='symtab'>no</arg>
	</msg>
	<!-- Instrumentation of /lib/x86_64-linux-gnu/libc.so.6 image skipped because of filter conditions. -->
	<!-- Update image info for [8:0x7FAFDA2D9000:NN] /lib/x86_64-linux-gnu/libz.so.1 -->
	<msg id='10' display='false' source='trc'>
		<type>LOAD_MODULE</type>
		<severity>INFO</severity>
		<timestamp>Tue May 30 17:36:35 2023</timestamp>
		<arg name='module'>/lib/x86_64-linux-gnu/libz.so.1</arg>
		<arg name='basement'>0x7fafda2d9000</arg>
		<arg name='ceiling'>0x7fafda2f518f</arg>
		<arg name='symtab'>no</arg>
	</msg>
	<!-- Instrumentation of /lib/x86_64-linux-gnu/libz.so.1 image skipped because of filter conditions [cs-mode]. -->
	<!-- Update image info for [9:0x7FAFD9CE8000:NN] /lib/x86_64-linux-gnu/libm.so.6 -->
	<msg id='11' display='false' source='trc'>
		<type>LOAD_MODULE</type>
		<severity>INFO</severity>
		<timestamp>Tue May 30 17:36:35 2023</timestamp>
		<arg name='module'>/lib/x86_64-linux-gnu/libm.so.6</arg>
		<arg name='basement'>0x7fafd9ce8000</arg>
		<arg name='ceiling'>0x7fafd9e2b10f</arg>
		<arg name='symtab'>no</arg>
	</msg>
	<!-- Instrumentation of /lib/x86_64-linux-gnu/libm.so.6 image skipped because of filter conditions [cs-mode]. -->
	<msg id='12' display='false' source='trc'>
		<type>UNLOAD_MODULE</type>
		<severity>INFO</severity>
		<timestamp>Tue May 30 19:58:45 2023</timestamp>
		<arg name='module'>/home/baptiste/asl_project/team19/team19</arg>
	</msg>
	<msg id='13' display='false' source='trc'>
		<type>UNLOAD_MODULE</type>
		<severity>INFO</severity>
		<timestamp>Tue May 30 19:58:45 2023</timestamp>
		<arg name='module'>/lib64/ld-linux-x86-64.so.2</arg>
	</msg>
	<msg id='14' display='false' source='trc'>
		<type>UNLOAD_MODULE</type>
		<severity>INFO</severity>
		<timestamp>Tue May 30 19:58:45 2023</timestamp>
		<arg name='module'>[vdso]</arg>
	</msg>
	<msg id='15' display='false' source='trc'>
		<type>UNLOAD_MODULE</type>
		<severity>INFO</severity>
		<timestamp>Tue May 30 19:58:45 2023</timestamp>
		<arg name='module'>/lib/x86_64-linux-gnu/libpng16.so.16</arg>
	</msg>
	<msg id='16' display='false' source='trc'>
		<type>UNLOAD_MODULE</type>
		<severity>INFO</severity>
		<timestamp>Tue May 30 19:58:45 2023</timestamp>
		<arg name='module'>/lib/x86_64-linux-gnu/libstdc++.so.6</arg>
	</msg>
	<msg id='17' display='false' source='trc'>
		<type>UNLOAD_MODULE</type>
		<severity>INFO</severity>
		<timestamp>Tue May 30 19:58:45 2023</timestamp>
		<arg name='module'>/lib/x86_64-linux-gnu/libgcc_s.so.1</arg>
	</msg>
	<msg id='18' display='false' source='trc'>
		<type>UNLOAD_MODULE</type>
		<severity>INFO</severity>
		<timestamp>Tue May 30 19:58:45 2023</timestamp>
		<arg name='module'>/lib/x86_64-linux-gnu/libc.so.6</arg>
	</msg>
	<msg id='19' display='false' source='trc'>
		<type>UNLOAD_MODULE</type>
		<severity>INFO</severity>
		<timestamp>Tue May 30 19:58:45 2023</timestamp>
		<arg name='module'>/lib/x86_64-linux-gnu/libz.so.1</arg>
	</msg>
	<msg id='20' display='false' source='trc'>
		<type>UNLOAD_MODULE</type>
		<severity>INFO</severity>
		<timestamp>Tue May 30 19:58:45 2023</timestamp>
		<arg name='module'>/lib/x86_64-linux-gnu/libm.so.6</arg>
	</msg>
	<msg id='21' display='false' source='trc'>
		<type>PROCESS_FINISH</type>
		<severity>INFO</severity>
		<timestamp>Tue May 30 19:58:45 2023</timestamp>
		<arg name='process'>/home/baptiste/asl_project/team19/team19</arg>
		<arg name='pid'>10880</arg>
		<arg name='exitcode'>0x0</arg>
	</msg>
	<!-- Application exited with code 0 -->
</log>