<?xml version="1.0" encoding="utf-8"?>
<log version="1.0" tool="runtool">

<msg id="1" tool="runtool">
  <type>log-start</type>
  <arg>2023/05/30 20:01:41</arg>
</msg>
<msg id="2" tool="runtool">
  <type>collector-starts</type>
</msg>
<msg id="3" tool="runtool">
  <type>marker-file</type>
  <arg>/home/baptiste/asl_project/team19/roofline/e000/mp000/mp000.advixe</arg>
</msg>
<msg id="4" tool="tc">
  <type>START</type>
  <severity>INFO</severity>
  <timestamp>Tue May 30 20:01:41 2023</timestamp>
</msg>
<msg id="5" tool="tc">
  <type>EXEC_OF_INTEREST</type>
  <arg>/home/baptiste/asl_project/team19/team19</arg>
  <arg>11981</arg>
  <severity>INFO</severity>
  <timestamp>Tue May 30 20:01:41 2023</timestamp>
</msg>
<msg id="6" tool="tc">
  <type>LOAD_MODULE</type>
  <arg>/home/baptiste/asl_project/team19/team19</arg>
  <arg>0x561aeb3a9000</arg>
  <arg>0x561aeb3ec507</arg>
  <arg>1</arg>
  <severity>INFO</severity>
  <timestamp>Tue May 30 20:01:41 2023</timestamp>
</msg>
<msg id="7" tool="tc">
  <type>LOAD_MODULE</type>
  <arg>/lib64/ld-linux-x86-64.so.2</arg>
  <arg>0x7f9efa36f000</arg>
  <arg>0x7f9efa39b177</arg>
  <arg>2</arg>
  <severity>INFO</severity>
  <timestamp>Tue May 30 20:01:41 2023</timestamp>
</msg>
<msg id="8" tool="tc">
  <type>LOAD_MODULE</type>
  <arg>[vdso]</arg>
  <arg>0x7ffce0768000</arg>
  <arg>0x7ffce0768d7b</arg>
  <arg>3</arg>
  <severity>INFO</severity>
  <timestamp>Tue May 30 20:01:41 2023</timestamp>
</msg>
<msg id="9" tool="tc">
  <type>LOAD_MODULE</type>
  <arg>/lib/x86_64-linux-gnu/libpng16.so.16</arg>
  <arg>0x7f9ee4aa4000</arg>
  <arg>0x7f9ee4add00f</arg>
  <arg>4</arg>
  <severity>INFO</severity>
  <timestamp>Tue May 30 20:01:42 2023</timestamp>
</msg>
<msg id="10" tool="tc">
  <type>LOAD_MODULE</type>
  <arg>/lib/x86_64-linux-gnu/libstdc++.so.6</arg>
  <arg>0x7f9ee4600000</arg>
  <arg>0x7f9ee480a87f</arg>
  <arg>5</arg>
  <severity>INFO</severity>
  <timestamp>Tue May 30 20:01:42 2023</timestamp>
</msg>
<msg id="11" tool="tc">
  <type>LOAD_MODULE</type>
  <arg>/lib/x86_64-linux-gnu/libgcc_s.so.1</arg>
  <arg>0x7f9ee49b5000</arg>
  <arg>0x7f9ee49ce427</arg>
  <arg>6</arg>
  <severity>INFO</severity>
  <timestamp>Tue May 30 20:01:42 2023</timestamp>
</msg>
<msg id="12" tool="tc">
  <type>LOAD_MODULE</type>
  <arg>/lib/x86_64-linux-gnu/libc.so.6</arg>
  <arg>0x7f9ee442c000</arg>
  <arg>0x7f9ee45ff67f</arg>
  <arg>7</arg>
  <severity>INFO</severity>
  <timestamp>Tue May 30 20:01:42 2023</timestamp>
</msg>
<msg id="13" tool="tc">
  <type>LOAD_MODULE</type>
  <arg>/lib/x86_64-linux-gnu/libz.so.1</arg>
  <arg>0x7f9ee4930000</arg>
  <arg>0x7f9ee494c18f</arg>
  <arg>8</arg>
  <severity>INFO</severity>
  <timestamp>Tue May 30 20:01:42 2023</timestamp>
</msg>
<msg id="14" tool="tc">
  <type>LOAD_MODULE</type>
  <arg>/lib/x86_64-linux-gnu/libm.so.6</arg>
  <arg>0x7f9ee42e8000</arg>
  <arg>0x7f9ee442b10f</arg>
  <arg>9</arg>
  <severity>INFO</severity>
  <timestamp>Tue May 30 20:01:42 2023</timestamp>
</msg>
<msg id="15" tool="tc">
  <type>UNLOAD_MODULE</type>
  <arg>/home/baptiste/asl_project/team19/team19</arg>
  <arg>1</arg>
  <severity>INFO</severity>
  <timestamp>Tue May 30 20:09:46 2023</timestamp>
</msg>
<msg id="16" tool="tc">
  <type>UNLOAD_MODULE</type>
  <arg>/lib64/ld-linux-x86-64.so.2</arg>
  <arg>2</arg>
  <severity>INFO</severity>
  <timestamp>Tue May 30 20:09:46 2023</timestamp>
</msg>
<msg id="17" tool="tc">
  <type>UNLOAD_MODULE</type>
  <arg>[vdso]</arg>
  <arg>3</arg>
  <severity>INFO</severity>
  <timestamp>Tue May 30 20:09:46 2023</timestamp>
</msg>
<msg id="18" tool="tc">
  <type>UNLOAD_MODULE</type>
  <arg>/lib/x86_64-linux-gnu/libpng16.so.16</arg>
  <arg>4</arg>
  <severity>INFO</severity>
  <timestamp>Tue May 30 20:09:46 2023</timestamp>
</msg>
<msg id="19" tool="tc">
  <type>UNLOAD_MODULE</type>
  <arg>/lib/x86_64-linux-gnu/libstdc++.so.6</arg>
  <arg>5</arg>
  <severity>INFO</severity>
  <timestamp>Tue May 30 20:09:46 2023</timestamp>
</msg>
<msg id="20" tool="tc">
  <type>UNLOAD_MODULE</type>
  <arg>/lib/x86_64-linux-gnu/libgcc_s.so.1</arg>
  <arg>6</arg>
  <severity>INFO</severity>
  <timestamp>Tue May 30 20:09:46 2023</timestamp>
</msg>
<msg id="21" tool="tc">
  <type>UNLOAD_MODULE</type>
  <arg>/lib/x86_64-linux-gnu/libc.so.6</arg>
  <arg>7</arg>
  <severity>INFO</severity>
  <timestamp>Tue May 30 20:09:46 2023</timestamp>
</msg>
<msg id="22" tool="tc">
  <type>UNLOAD_MODULE</type>
  <arg>/lib/x86_64-linux-gnu/libz.so.1</arg>
  <arg>8</arg>
  <severity>INFO</severity>
  <timestamp>Tue May 30 20:09:46 2023</timestamp>
</msg>
<msg id="23" tool="tc">
  <type>UNLOAD_MODULE</type>
  <arg>/lib/x86_64-linux-gnu/libm.so.6</arg>
  <arg>9</arg>
  <severity>INFO</severity>
  <timestamp>Tue May 30 20:09:46 2023</timestamp>
</msg>
<msg id="24" tool="tc">
  <type>PROCESS_TERMINATE</type>
  <arg>/home/baptiste/asl_project/team19/team19</arg>
  <arg>11981</arg>
  <severity>INFO</severity>
  <timestamp>Tue May 30 20:09:46 2023</timestamp>
</msg>
<msg id="25" tool="tc">
  <type>NO_ANNOTATIONS</type>
  <severity>WARNING</severity>
  <timestamp>Tue May 30 20:09:46 2023</timestamp>
</msg>
<msg id="26" tool="tc">
  <type>ANALYSIS_COMPLETE</type>
  <severity>INFO</severity>
  <timestamp>Tue May 30 20:09:46 2023</timestamp>
</msg>
<msg id="27" tool="tc">
  <type>STOP</type>
  <severity>INFO</severity>
  <timestamp>Tue May 30 20:09:46 2023</timestamp>
</msg>
<msg id="28" tool="runtool">
  <type>app-exit-code</type>
  <arg>0</arg>
</msg>
<msg id="29" tool="runtool">
  <type>marker-file</type>
  <arg>/home/baptiste/asl_project/team19/roofline/e000/mp000/mp000.advixe</arg>
</msg>
<msg id="30" tool="runtool">
  <type>collector-done</type>
</msg>
<msg id="31" tool="runtool">
  <type>log-end</type>
  <arg>2023/05/30 20:09:49</arg>
</msg>

</log>

