<?xml version="1.0" encoding="utf-8" ?>
<!-- DO NOT EDIT THIS FILE -->

<log version='2.0' source='tcet'>
	<!-- Opened annotation file /opt/intel/oneapi/advisor/2023.1.0/lib64/../config/tc/map.ant -->
	<!-- Opened annotation file /opt/intel/oneapi/advisor/2023.1.0/lib64/../config/tc/allocators.ant -->
	<msg id='1' display='false' source='map'>
		<type>START</type>
		<severity>INFO</severity>
		<timestamp>Tue May 30 20:01:41 2023</timestamp>
	</msg>
	<!-- Successfully loaded CCRT 13.15.2 at address 0x7f9ef8c5a000 - 0x7f9ef8c5d000 -->
	<!-- Successfully loaded the TC Analysis Core 8.22.2 at address 0x7f9ef69e0000 - 0x7f9ef6a3e000 -->
	<!-- Successfully loaded the TC Instrumentation Engine 8.22.2 at address 0x7f9ef8c67000 - 0x7f9ef8e53000 -->
	<!-- Environment: INTEL_LIBITTNOTIFY32=/opt/intel/oneapi/advisor/2023.1.0/lib32/runtime/libittnotify.so -->
	<!-- Environment: INTEL_LIBITTNOTIFY64=/opt/intel/oneapi/advisor/2023.1.0/lib64/runtime/libittnotify.so -->
	<!-- Environment: INTEL_JIT_PROFILER32=/opt/intel/oneapi/advisor/2023.1.0/lib32/libpinjitprofiling.so -->
	<!-- Environment: INTEL_JIT_PROFILER64=/opt/intel/oneapi/advisor/2023.1.0/lib64/libpinjitprofiling.so -->
	<!-- This is the instance of interest -->
	<msg id='2' source='tcet'>
		<type>EXEC_OF_INTEREST</type>
		<severity>INFO</severity>
		<timestamp>Tue May 30 20:01:41 2023</timestamp>
		<arg name='process'>/home/baptiste/asl_project/team19/team19</arg>
		<arg name='pid'>11981</arg>
	</msg>
	<msg id='3' source='tcet'>
		<type>LOAD_MODULE</type>
		<severity>INFO</severity>
		<timestamp>Tue May 30 20:01:41 2023</timestamp>
		<arg name='module'>/home/baptiste/asl_project/team19/team19</arg>
		<arg name='basement'>0x561aeb3a9000</arg>
		<arg name='ceiling'>0x561aeb3ec507</arg>
		<arg name='id'>1</arg>
	</msg>
	<msg id='4' source='tcet'>
		<type>LOAD_MODULE</type>
		<severity>INFO</severity>
		<timestamp>Tue May 30 20:01:41 2023</timestamp>
		<arg name='module'>/lib64/ld-linux-x86-64.so.2</arg>
		<arg name='basement'>0x7f9efa36f000</arg>
		<arg name='ceiling'>0x7f9efa39b177</arg>
		<arg name='id'>2</arg>
	</msg>
	<msg id='5' source='tcet'>
		<type>LOAD_MODULE</type>
		<severity>INFO</severity>
		<timestamp>Tue May 30 20:01:41 2023</timestamp>
		<arg name='module'>[vdso]</arg>
		<arg name='basement'>0x7ffce0768000</arg>
		<arg name='ceiling'>0x7ffce0768d7b</arg>
		<arg name='id'>3</arg>
	</msg>
	<msg id='6' source='tcet'>
		<type>LOAD_MODULE</type>
		<severity>INFO</severity>
		<timestamp>Tue May 30 20:01:42 2023</timestamp>
		<arg name='module'>/lib/x86_64-linux-gnu/libpng16.so.16</arg>
		<arg name='basement'>0x7f9ee4aa4000</arg>
		<arg name='ceiling'>0x7f9ee4add00f</arg>
		<arg name='id'>4</arg>
	</msg>
	<msg id='7' source='tcet'>
		<type>LOAD_MODULE</type>
		<severity>INFO</severity>
		<timestamp>Tue May 30 20:01:42 2023</timestamp>
		<arg name='module'>/lib/x86_64-linux-gnu/libstdc++.so.6</arg>
		<arg name='basement'>0x7f9ee4600000</arg>
		<arg name='ceiling'>0x7f9ee480a87f</arg>
		<arg name='id'>5</arg>
	</msg>
	<msg id='8' source='tcet'>
		<type>LOAD_MODULE</type>
		<severity>INFO</severity>
		<timestamp>Tue May 30 20:01:42 2023</timestamp>
		<arg name='module'>/lib/x86_64-linux-gnu/libgcc_s.so.1</arg>
		<arg name='basement'>0x7f9ee49b5000</arg>
		<arg name='ceiling'>0x7f9ee49ce427</arg>
		<arg name='id'>6</arg>
	</msg>
	<msg id='9' source='tcet'>
		<type>LOAD_MODULE</type>
		<severity>INFO</severity>
		<timestamp>Tue May 30 20:01:42 2023</timestamp>
		<arg name='module'>/lib/x86_64-linux-gnu/libc.so.6</arg>
		<arg name='basement'>0x7f9ee442c000</arg>
		<arg name='ceiling'>0x7f9ee45ff67f</arg>
		<arg name='id'>7</arg>
	</msg>
	<msg id='10' source='tcet'>
		<type>LOAD_MODULE</type>
		<severity>INFO</severity>
		<timestamp>Tue May 30 20:01:42 2023</timestamp>
		<arg name='module'>/lib/x86_64-linux-gnu/libz.so.1</arg>
		<arg name='basement'>0x7f9ee4930000</arg>
		<arg name='ceiling'>0x7f9ee494c18f</arg>
		<arg name='id'>8</arg>
	</msg>
	<msg id='11' source='tcet'>
		<type>LOAD_MODULE</type>
		<severity>INFO</severity>
		<timestamp>Tue May 30 20:01:42 2023</timestamp>
		<arg name='module'>/lib/x86_64-linux-gnu/libm.so.6</arg>
		<arg name='basement'>0x7f9ee42e8000</arg>
		<arg name='ceiling'>0x7f9ee442b10f</arg>
		<arg name='id'>9</arg>
	</msg>
	<msg id='12' source='tcet'>
		<type>UNLOAD_MODULE</type>
		<severity>INFO</severity>
		<timestamp>Tue May 30 20:09:46 2023</timestamp>
		<arg name='module'>/home/baptiste/asl_project/team19/team19</arg>
		<arg name='id'>1</arg>
	</msg>
	<msg id='13' source='tcet'>
		<type>UNLOAD_MODULE</type>
		<severity>INFO</severity>
		<timestamp>Tue May 30 20:09:46 2023</timestamp>
		<arg name='module'>/lib64/ld-linux-x86-64.so.2</arg>
		<arg name='id'>2</arg>
	</msg>
	<msg id='14' source='tcet'>
		<type>UNLOAD_MODULE</type>
		<severity>INFO</severity>
		<timestamp>Tue May 30 20:09:46 2023</timestamp>
		<arg name='module'>[vdso]</arg>
		<arg name='id'>3</arg>
	</msg>
	<msg id='15' source='tcet'>
		<type>UNLOAD_MODULE</type>
		<severity>INFO</severity>
		<timestamp>Tue May 30 20:09:46 2023</timestamp>
		<arg name='module'>/lib/x86_64-linux-gnu/libpng16.so.16</arg>
		<arg name='id'>4</arg>
	</msg>
	<msg id='16' source='tcet'>
		<type>UNLOAD_MODULE</type>
		<severity>INFO</severity>
		<timestamp>Tue May 30 20:09:46 2023</timestamp>
		<arg name='module'>/lib/x86_64-linux-gnu/libstdc++.so.6</arg>
		<arg name='id'>5</arg>
	</msg>
	<msg id='17' source='tcet'>
		<type>UNLOAD_MODULE</type>
		<severity>INFO</severity>
		<timestamp>Tue May 30 20:09:46 2023</timestamp>
		<arg name='module'>/lib/x86_64-linux-gnu/libgcc_s.so.1</arg>
		<arg name='id'>6</arg>
	</msg>
	<msg id='18' source='tcet'>
		<type>UNLOAD_MODULE</type>
		<severity>INFO</severity>
		<timestamp>Tue May 30 20:09:46 2023</timestamp>
		<arg name='module'>/lib/x86_64-linux-gnu/libc.so.6</arg>
		<arg name='id'>7</arg>
	</msg>
	<msg id='19' source='tcet'>
		<type>UNLOAD_MODULE</type>
		<severity>INFO</severity>
		<timestamp>Tue May 30 20:09:46 2023</timestamp>
		<arg name='module'>/lib/x86_64-linux-gnu/libz.so.1</arg>
		<arg name='id'>8</arg>
	</msg>
	<msg id='20' source='tcet'>
		<type>UNLOAD_MODULE</type>
		<severity>INFO</severity>
		<timestamp>Tue May 30 20:09:46 2023</timestamp>
		<arg name='module'>/lib/x86_64-linux-gnu/libm.so.6</arg>
		<arg name='id'>9</arg>
	</msg>
	<msg id='21' source='tcet'>
		<type>PROCESS_TERMINATE</type>
		<severity>INFO</severity>
		<timestamp>Tue May 30 20:09:46 2023</timestamp>
		<arg name='process'>/home/baptiste/asl_project/team19/team19</arg>
		<arg name='pid'>11981</arg>
	</msg>
	<msg id='22' source='map'>
		<type>NO_ANNOTATIONS</type>
		<severity>WARNING</severity>
		<timestamp>Tue May 30 20:09:46 2023</timestamp>
	</msg>
	<msg id='23' display='false' source='map'>
		<type>ANALYSIS_COMPLETE</type>
		<severity>INFO</severity>
		<timestamp>Tue May 30 20:09:46 2023</timestamp>
	</msg>
	<msg id='24' display='false' source='map'>
		<type>STOP</type>
		<severity>INFO</severity>
		<timestamp>Tue May 30 20:09:46 2023</timestamp>
	</msg>
</log>