10 [140355704694720] INFO perfrun.launcher <> - Launcher main begin
10 [140355704694720] INFO perfrun.launcher <> - MessageCatalogInit finished
10 [140355704694720] INFO perfrun.launcher <> - Launcher instance created
10 [140355704694720] INFO perfrun.launcher <> - argc = 7; cmdline = /opt/intel/oneapi/advisor/2023.1.0/bin64/advixe-runss --ui-output-format xml --ui-output-fd 85 --option-file /home/baptiste/asl_project/team19/roofline/roofline_asl/e000/hs001/config/runss.options 
47 [140355704694720] INFO perfrun.launcher <> - create msngr2::ICliToolContext
47 [140355704694720] INFO perfrun.launcher <> - create file finder object
47 [140355704694720] INFO perfrun.launcher <> - create a result directory: pattern = /home/baptiste/asl_project/team19/roofline/roofline_asl/e000/hs001 pid = 4294967295
51 [140355704694720] INFO perfrun.sdk <> - checked that the directory /home/baptiste/asl_project/team19/roofline/roofline_asl/e000/hs001 is a local directory
51 [140355704694720] INFO perfrun.sdk <> - the directory /home/baptiste/asl_project/team19/roofline/roofline_asl/e000/hs001 is a local directory with FS type ID 2435016766
51 [140355704694720] INFO perfrun.launcher <> - create data directory = /home/baptiste/asl_project/team19/roofline/roofline_asl/e000/hs001/data.0
51 [140355704694720] INFO perfrun.launcher <> - Creating the master collection flag
60 [140355704694720] INFO perfrun.launcher <> - Done creating the master collection flag
61 [140355552929536] INFO perfrun.launcher <> - plugin [remoteplug] was disabled because it doesn't support the given collection type.
61 [140355552929536] INFO perfrun.sdk <> - Allocating TMU :/home/baptiste/asl_project/team19/roofline/roofline_asl/e000/hs001/data.0/systemcollector-3936-parrot.sc
62 [140355552929536] INFO perfrun.launcher <> - plugin [] was disabled because it doesn't support the given collection type.
62 [140355552929536] INFO perfrun.launcher <> - plugin [gpu] was disabled because it doesn't support the given collection type.
62 [140355552929536] INFO perfrun.launcher <> - plugin [] was disabled because it doesn't support the given collection type.
62 [140355552929536] INFO perfrun.launcher <> - plugin [] was disabled because it doesn't support the given collection type.
62 [140355552929536] INFO perfrun.launcher <> - plugin [] was disabled because it doesn't support the given collection type.
62 [140355552929536] INFO perfrun.mrte <> - system-wide mode is 0
62 [140355552929536] INFO perfrun.mrte <> - Getting  mrte profiling environment ...
69 [140355552929536] INFO perfrun.mrte <> - INTEL_MRTE_DATA_DIR=/home/baptiste/asl_project/team19/roofline/roofline_asl/e000/hs001/data.0
69 [140355552929536] INFO perfrun.mrte <> - INTEL_MRTE_HOST_NAME=parrot
69 [140355552929536] INFO perfrun.mrte <> - JAVA_TOOL_OPTIONS=-agentlib:advixe_tpssmrte_javaprof_1.0 -Dsun.boot.library.path=/opt/intel/oneapi/advisor/2023.1.0/lib32/runtime:/opt/intel/oneapi/advisor/2023.1.0/lib64/runtime
69 [140355552929536] INFO perfrun.mrte <> - LD_LIBRARY_PATH=/opt/intel/oneapi/advisor/2023.1.0/lib32/runtime:/opt/intel/oneapi/advisor/2023.1.0/lib64/runtime
69 [140355552929536] INFO perfrun.mrte <> - Data directory: /home/baptiste/asl_project/team19/roofline/roofline_asl/e000/hs001/data.0
69 [140355552929536] INFO perfrun.mrte <> - Mrte plugin is initialized
69 [140355552929536] INFO perfrun.launcher <> - plugin [] was disabled because it doesn't support the given collection type.
69 [140355552929536] INFO perfrun.launcher <> - plugin [] was disabled because it doesn't support the given collection type.
69 [140355552929536] INFO perfrun.launcher <> - plugin [] was disabled because it doesn't support the given collection type.
69 [140355552929536] INFO perfrun.launcher <> - plugin [] was disabled because it doesn't support the given collection type.
70 [140355552929536] INFO perfrun.launcher <> - plugin [] was disabled because it doesn't support the given collection type.
70 [140355552929536] INFO perfrun.launcher <> - plugin [] was disabled because it doesn't support the given collection type.
70 [140355552929536] INFO perfrun.launcher <> - plugin [] was disabled because it doesn't support the given collection type.
70 [140355552929536] INFO perfrun.tpss <> - initialize tpss controller
70 [140355552929536] INFO perfrun.tpss <> - configure collection mode: value = cpu:stack
70 [140355552929536] INFO perfrun.tpss <> - default obj-size-min=1024
70 [140355552929536] INFO perfrun.tpss <> - default hash-table-size=0
70 [140355552929536] INFO perfrun.launcher <> - plugin [] was disabled because it doesn't support the given collection type.
70 [140355552929536] INFO perfrun.launcher <> - plugin [] was disabled because it doesn't support the given collection type.
70 [140355552929536] INFO perfrun.launcher <> - plugin [] was disabled because it doesn't support the given collection type.
70 [140355552929536] INFO perfrun.launcher <> - plugin [] was disabled because it doesn't support the given collection type.
70 [140355552929536] INFO perfrun.launcher <> - plugin [] was disabled because it doesn't support the given collection type.
70 [140355552929536] INFO perfrun.launcher <> - plugin [] was disabled because it doesn't support the given collection type.
70 [140355552929536] INFO perfrun.launcher <> - plugin [] was disabled because it doesn't support the given collection type.
70 [140355552929536] INFO perfrun.launcher <> - plugin [] was disabled because it doesn't support the given collection type.
70 [140355552929536] INFO perfrun.launcher <> - plugin [] was disabled because it doesn't support the given collection type.
70 [140355704694720] INFO perfrun.launcher <> - set environment variable: LD_LIBRARY_PATH = /opt/intel/oneapi/advisor/2023.1.0/lib32/runtime:/opt/intel/oneapi/advisor/2023.1.0/lib64/runtime
70 [140355704694720] INFO perfrun.launcher <> - set environment variable: INTEL_LIBITTNOTIFY32 = /opt/intel/oneapi/advisor/2023.1.0/lib32/runtime/libittnotify_collector.so
70 [140355704694720] INFO perfrun.launcher <> - set environment variable: INTEL_LIBITTNOTIFY64 = /opt/intel/oneapi/advisor/2023.1.0/lib64/runtime/libittnotify_collector.so
70 [140355704694720] INFO perfrun.launcher <> - set environment variable: INTEL_ITTNOTIFY_GROUPS = 
70 [140355704694720] INFO perfrun.launcher <> - set environment variable: INTEL_JIT_PROFILER32 = /opt/intel/oneapi/advisor/2023.1.0/lib32/runtime/libittnotify_collector.so
70 [140355704694720] INFO perfrun.launcher <> - set environment variable: INTEL_JIT_PROFILER64 = /opt/intel/oneapi/advisor/2023.1.0/lib64/runtime/libittnotify_collector.so
70 [140355704694720] INFO perfrun.launcher <> - set environment variable: OMP_TOOL_LIBRARIES = /opt/intel/oneapi/advisor/2023.1.0/lib32/runtime/libittnotify_collector.so:/opt/intel/oneapi/advisor/2023.1.0/lib64/runtime/libittnotify_collector.so
70 [140355704694720] INFO perfrun.launcher <> - set environment variable: ENABLE_JITPROFILING = 1
70 [140355704694720] INFO perfrun.launcher <> - set environment variable: CL_CONFIG_USE_VTUNE = True
70 [140355704694720] INFO perfrun.launcher <> - set environment variable: KMP_FORKJOIN_FRAMES = 0
70 [140355704694720] INFO perfrun.launcher <> - set environment variable: KMP_FORKJOIN_FRAMES_MODE = 0
70 [140355704694720] INFO perfrun.launcher <> - set environment variable: OMP_TOOL = disabled
70 [140355704694720] INFO perfrun.launcher <> - set environment variable: INTEL_MRTE_DATA_DIR = /home/baptiste/asl_project/team19/roofline/roofline_asl/e000/hs001/data.0
70 [140355704694720] INFO perfrun.launcher <> - set environment variable: INTEL_MRTE_HOST_NAME = parrot
70 [140355704694720] INFO perfrun.launcher <> - set environment variable: JAVA_TOOL_OPTIONS = -agentlib:advixe_tpssmrte_javaprof_1.0 -Dsun.boot.library.path=/opt/intel/oneapi/advisor/2023.1.0/lib32/runtime:/opt/intel/oneapi/advisor/2023.1.0/lib64/runtime
70 [140355704694720] INFO perfrun.launcher <> - set environment variable: LD_LIBRARY_PATH = /opt/intel/oneapi/advisor/2023.1.0/lib32/runtime:/opt/intel/oneapi/advisor/2023.1.0/lib64/runtime
70 [140355704694720] INFO perfrun.launcher <> - RpcServer: run RPC server to handle requests
71 [140355704694720] INFO perfrun.launcher <> - Launcher: command line to start before modification = /home/baptiste/asl_project/team19/team19 --advisor
71 [140355704694720] INFO perfrun.launcher <> - Launcher: command line to start after modification = /opt/intel/oneapi/advisor/2023.1.0/bin64/pin -error_file /home/baptiste/asl_project/team19/roofline/roofline_asl/e000/hs001/data.0/pinerr.tpsslog -detach_reattach -follow_execv -tool_load_option deepbind -t64 /opt/intel/oneapi/advisor/2023.1.0/lib64/libtpsstool.so -t /opt/intel/oneapi/advisor/2023.1.0/lib32/libtpsstool.so -server_name tpss_ipc.3936 -prd_dir /opt/intel/oneapi/advisor/2023.1.0 -- /home/baptiste/asl_project/team19/team19 --advisor
71 [140355704694720] INFO perfrun.launcher <> - ProcessCreator object was created
72 [140355704694720] INFO perfrun.launcher <> - Launcher: the process was started in suspend mode
73 [140355552929536] WARN perfrun.system <> - Could not do anything with /sys/kernel/debug/kvm: boost::filesystem::status: Permission denied: "/sys/kernel/debug/kvm", at file: vcs/perfrun1/plugins/system/src/trace_writer.cpp:787
73 [140355552929536] WARN perfrun.system <> - Folder "/var/run/libvirt/qemu/"doesn't exist, at file: vcs/perfrun1/plugins/system/src/trace_writer.cpp:800
74 [140355552929536] WARN perfrun.sdk <> - Failed to find xl binary on any of the system paths: /bin, /sbin, /usr/bin, /usr/sbin., at file: vcs/perfrun1/sdk/src/utils.cpp:204
76 [140355552929536] INFO perfrun.vdso <> - Helper runtool '/opt/intel/oneapi/advisor/2023.1.0/bin32/advixe-runss -dump-vdso -r /home/baptiste/asl_project/team19/roofline/roofline_asl/e000/hs001 --tmp-dir /tmp/advixe-tmp-baptiste' returned 1
147 [140355552929536] INFO perfrun.vdso <> - Helper runtool '/opt/intel/oneapi/advisor/2023.1.0/bin64/advixe-runss -dump-vdso -r /home/baptiste/asl_project/team19/roofline/roofline_asl/e000/hs001 --tmp-dir /tmp/advixe-tmp-baptiste' returned 0
147 [140355552929536] INFO perfrun.itt <> - start itt controller for pid #3949
147 [140355552929536] INFO perfrun.tpss <> - start tpss controller for pid #3949
197 [140355704694720] INFO perfrun.launcher <> - Launcher: all plugins were started
197 [140355704694720] INFO perfrun.launcher <> - DirectoryMonitor object was created
197 [140355704694720] INFO perfrun.launcher <> - DirectoryMonitor: a callback was added
197 [140355704694720] INFO perfrun.launcher <> - DirectoryMonitor was started with pingTime = 1000
197 [140355704694720] INFO perfrun.launcher <> - DeadlineTimer is going to be constructed
197 [140355704694720] INFO perfrun.launcher <> - DeadlineTimer: a callback was added
200 [140355704694720] INFO perfrun.launcher <> - Launcher: resume the profiled application and  wait its termination or stop command
2020 [140355704694720] INFO perfrun.launcher <> - Launcher: the profiled application was terminated  with exit code = 0
2028 [140355552929536] INFO perfrun.itt <> - detach itt controller
2028 [140355552929536] INFO perfrun.itt <> - detach itt controller done
2028 [140355552929536] INFO perfrun.tpss <> - stop tpss controller
2028 [140355552929536] INFO perfrun.sdk <> - De-allocating TMU: /home/baptiste/asl_project/team19/roofline/roofline_asl/e000/hs001/data.0/systemcollector-3936-parrot.sc
2029 [140355552929536] INFO perfrun.system <> - closed the system trace file: /home/baptiste/asl_project/team19/roofline/roofline_asl/e000/hs001/data.0/systemcollector-3936-parrot.sc
2029 [140355704694720] INFO perfrun.launcher <> - Launcher: all plugins were stopped.
2029 [140355704694720] INFO perfrun.launcher <> - DeadlineTimer is going to be destroyed
2029 [140355704694720] INFO perfrun.launcher <> - DeadlineTimer was destroyed
2029 [140355704694720] INFO perfrun.launcher <> - DirectoryMonitor object was destroyed
2029 [140355704694720] WARN perfrun.launcher <> - Stop command is ignored because it is received when collection is already stopped, at file: vcs/perfrun1/launcher/src/command_handler.cpp:226
2029 [140355704694720] INFO perfrun.launcher <> - Application exit code: 0
2029 [140355704694720] INFO perfrun.launcher <> - Exit code: 0
