10 [140360441834560] INFO perfrun.launcher <> - Launcher main begin
11 [140360441834560] INFO perfrun.launcher <> - MessageCatalogInit finished
11 [140360441834560] INFO perfrun.launcher <> - Launcher instance created
11 [140360441834560] INFO perfrun.launcher <> - argc = 6; cmdline = /opt/intel/oneapi/advisor/2023.1.0/bin64/advixe-runss -dump-vdso -r /home/baptiste/asl_project/team19/roofline/roofline_asl/e000/hs001 --tmp-dir /tmp/advixe-tmp-baptiste 
49 [140360441834560] INFO perfrun.launcher <> - create msngr2::ICliToolContext
49 [140360441834560] INFO perfrun.launcher <> - create file finder object
50 [140360290395904] INFO perfrun.launcher <> - plugin [remoteplug] was disabled because it doesn't support the given collection type.
50 [140360290395904] INFO perfrun.launcher <> - plugin [system] was disabled because it doesn't support the given collection type.
50 [140360290395904] INFO perfrun.vdso <> - dumping [vdso] pseudomodule
52 [140360290395904] INFO perfrun.launcher <> - plugin [itt] was disabled because it doesn't support the given collection type.
52 [140360290395904] INFO perfrun.launcher <> - plugin [] was disabled because it doesn't support the given collection type.
52 [140360290395904] INFO perfrun.launcher <> - plugin [gpu] was disabled because it doesn't support the given collection type.
52 [140360290395904] INFO perfrun.launcher <> - plugin [] was disabled because it doesn't support the given collection type.
52 [140360290395904] INFO perfrun.launcher <> - plugin [] was disabled because it doesn't support the given collection type.
52 [140360290395904] INFO perfrun.launcher <> - plugin [] was disabled because it doesn't support the given collection type.
52 [140360290395904] INFO perfrun.launcher <> - plugin [mrte] was disabled because it doesn't support the given collection type.
52 [140360290395904] INFO perfrun.launcher <> - plugin [] was disabled because it doesn't support the given collection type.
52 [140360290395904] INFO perfrun.launcher <> - plugin [] was disabled because it doesn't support the given collection type.
52 [140360290395904] INFO perfrun.launcher <> - plugin [] was disabled because it doesn't support the given collection type.
52 [140360290395904] INFO perfrun.launcher <> - plugin [] was disabled because it doesn't support the given collection type.
52 [140360290395904] INFO perfrun.launcher <> - plugin [] was disabled because it doesn't support the given collection type.
52 [140360290395904] INFO perfrun.launcher <> - plugin [] was disabled because it doesn't support the given collection type.
52 [140360290395904] INFO perfrun.launcher <> - plugin [] was disabled because it doesn't support the given collection type.
52 [140360290395904] INFO perfrun.launcher <> - plugin [tpss] was disabled because it doesn't support the given collection type.
52 [140360290395904] INFO perfrun.launcher <> - plugin [] was disabled because it doesn't support the given collection type.
52 [140360290395904] INFO perfrun.launcher <> - plugin [] was disabled because it doesn't support the given collection type.
52 [140360290395904] INFO perfrun.launcher <> - plugin [] was disabled because it doesn't support the given collection type.
52 [140360290395904] INFO perfrun.launcher <> - plugin [] was disabled because it doesn't support the given collection type.
52 [140360290395904] INFO perfrun.launcher <> - plugin [] was disabled because it doesn't support the given collection type.
52 [140360290395904] INFO perfrun.launcher <> - plugin [] was disabled because it doesn't support the given collection type.
52 [140360290395904] INFO perfrun.launcher <> - plugin [] was disabled because it doesn't support the given collection type.
52 [140360290395904] INFO perfrun.launcher <> - plugin [] was disabled because it doesn't support the given collection type.
52 [140360290395904] INFO perfrun.launcher <> - plugin [] was disabled because it doesn't support the given collection type.
52 [140360441834560] INFO perfrun.launcher <> - Application exit code: 0
52 [140360441834560] INFO perfrun.launcher <> - Exit code: 0
